{"C:\\Users\\andyc\\Documents\\_Personal\\projects\\LOL-Match-Analyzer\\backend\\src\\config.ts": {"path":"C:\\Users\\andyc\\Documents\\_Personal\\projects\\LOL-Match-Analyzer\\backend\\src\\config.ts","statementMap":{"0":{"start":{"line":1,"column":0},"end":{"line":1,"column":33}},"1":{"start":{"line":3,"column":0},"end":{"line":3,"column":16}},"2":{"start":{"line":5,"column":13},"end":{"line":5,"column":53}},"3":{"start":{"line":6,"column":13},"end":{"line":6,"column":41}},"4":{"start":{"line":7,"column":13},"end":{"line":7,"column":59}},"5":{"start":{"line":8,"column":13},"end":{"line":8,"column":57}},"6":{"start":{"line":10,"column":13},"end":{"line":12,"column":2}}},"fnMap":{},"branchMap":{},"s":{"0":4,"1":4,"2":4,"3":4,"4":4,"5":4,"6":4},"f":{},"b":{}}
,"C:\\Users\\andyc\\Documents\\_Personal\\projects\\LOL-Match-Analyzer\\backend\\src\\controllers\\riotControllers.ts": {"path":"C:\\Users\\andyc\\Documents\\_Personal\\projects\\LOL-Match-Analyzer\\backend\\src\\controllers\\riotControllers.ts","statementMap":{"0":{"start":{"line":13,"column":0},"end":{"line":13,"column":7}},"1":{"start":{"line":36,"column":0},"end":{"line":36,"column":7}},"2":{"start":{"line":59,"column":0},"end":{"line":59,"column":7}},"3":{"start":{"line":83,"column":0},"end":{"line":83,"column":7}},"4":{"start":{"line":2,"column":0},"end":{"line":2,"column":122}},"5":{"start":{"line":3,"column":0},"end":{"line":3,"column":72}},"6":{"start":{"line":4,"column":0},"end":{"line":4,"column":66}},"7":{"start":{"line":14,"column":38},"end":{"line":14,"column":48}},"8":{"start":{"line":16,"column":4},"end":{"line":16,"column":65}},"9":{"start":{"line":17,"column":4},"end":{"line":28,"column":5}},"10":{"start":{"line":18,"column":21},"end":{"line":18,"column":78}},"11":{"start":{"line":20,"column":8},"end":{"line":20,"column":42}},"12":{"start":{"line":23,"column":25},"end":{"line":23,"column":42}},"13":{"start":{"line":24,"column":27},"end":{"line":24,"column":50}},"14":{"start":{"line":25,"column":24},"end":{"line":25,"column":71}},"15":{"start":{"line":27,"column":8},"end":{"line":27,"column":83}},"16":{"start":{"line":37,"column":22},"end":{"line":37,"column":32}},"17":{"start":{"line":39,"column":4},"end":{"line":39,"column":63}},"18":{"start":{"line":40,"column":4},"end":{"line":51,"column":5}},"19":{"start":{"line":41,"column":24},"end":{"line":41,"column":60}},"20":{"start":{"line":43,"column":8},"end":{"line":43,"column":45}},"21":{"start":{"line":46,"column":25},"end":{"line":46,"column":42}},"22":{"start":{"line":47,"column":27},"end":{"line":47,"column":50}},"23":{"start":{"line":48,"column":24},"end":{"line":48,"column":71}},"24":{"start":{"line":50,"column":8},"end":{"line":50,"column":83}},"25":{"start":{"line":60,"column":24},"end":{"line":60,"column":34}},"26":{"start":{"line":62,"column":4},"end":{"line":62,"column":67}},"27":{"start":{"line":63,"column":4},"end":{"line":74,"column":5}},"28":{"start":{"line":64,"column":29},"end":{"line":64,"column":68}},"29":{"start":{"line":66,"column":8},"end":{"line":66,"column":50}},"30":{"start":{"line":69,"column":25},"end":{"line":69,"column":42}},"31":{"start":{"line":70,"column":27},"end":{"line":70,"column":50}},"32":{"start":{"line":71,"column":24},"end":{"line":71,"column":71}},"33":{"start":{"line":73,"column":8},"end":{"line":73,"column":83}},"34":{"start":{"line":84,"column":31},"end":{"line":84,"column":41}},"35":{"start":{"line":86,"column":4},"end":{"line":129,"column":5}},"36":{"start":{"line":88,"column":8},"end":{"line":88,"column":92}},"37":{"start":{"line":89,"column":21},"end":{"line":89,"column":87}},"38":{"start":{"line":91,"column":8},"end":{"line":95,"column":9}},"39":{"start":{"line":92,"column":12},"end":{"line":92,"column":70}},"40":{"start":{"line":94,"column":12},"end":{"line":94,"column":55}},"41":{"start":{"line":98,"column":8},"end":{"line":98,"column":72}},"42":{"start":{"line":99,"column":8},"end":{"line":121,"column":9}},"43":{"start":{"line":100,"column":33},"end":{"line":100,"column":102}},"44":{"start":{"line":101,"column":29},"end":{"line":101,"column":76}},"45":{"start":{"line":102,"column":12},"end":{"line":113,"column":13}},"46":{"start":{"line":103,"column":31},"end":{"line":103,"column":92}},"47":{"start":{"line":105,"column":16},"end":{"line":105,"column":80}},"48":{"start":{"line":107,"column":16},"end":{"line":107,"column":61}},"49":{"start":{"line":110,"column":16},"end":{"line":110,"column":74}},"50":{"start":{"line":112,"column":16},"end":{"line":112,"column":107}},"51":{"start":{"line":116,"column":29},"end":{"line":116,"column":46}},"52":{"start":{"line":117,"column":31},"end":{"line":117,"column":54}},"53":{"start":{"line":118,"column":28},"end":{"line":118,"column":75}},"54":{"start":{"line":120,"column":12},"end":{"line":120,"column":76}},"55":{"start":{"line":124,"column":25},"end":{"line":124,"column":42}},"56":{"start":{"line":125,"column":27},"end":{"line":125,"column":50}},"57":{"start":{"line":126,"column":24},"end":{"line":126,"column":73}},"58":{"start":{"line":128,"column":8},"end":{"line":128,"column":72}}},"fnMap":{"0":{"name":"getPUUIDController","decl":{"start":{"line":13,"column":22},"end":{"line":13,"column":40}},"loc":{"start":{"line":13,"column":68},"end":{"line":29,"column":1}}},"1":{"name":"getRecentMatchesController","decl":{"start":{"line":36,"column":22},"end":{"line":36,"column":48}},"loc":{"start":{"line":36,"column":76},"end":{"line":52,"column":1}}},"2":{"name":"getMatchDetailsController","decl":{"start":{"line":59,"column":22},"end":{"line":59,"column":47}},"loc":{"start":{"line":59,"column":75},"end":{"line":75,"column":1}}},"3":{"name":"getPlayerSummaryController","decl":{"start":{"line":83,"column":22},"end":{"line":83,"column":48}},"loc":{"start":{"line":83,"column":76},"end":{"line":130,"column":1}}}},"branchMap":{"0":{"loc":{"start":{"line":24,"column":27},"end":{"line":24,"column":50}},"type":"binary-expr","locations":[{"start":{"line":24,"column":27},"end":{"line":24,"column":43}},{"start":{"line":24,"column":47},"end":{"line":24,"column":50}}]},"1":{"loc":{"start":{"line":25,"column":24},"end":{"line":25,"column":71}},"type":"binary-expr","locations":[{"start":{"line":25,"column":24},"end":{"line":25,"column":44}},{"start":{"line":25,"column":48},"end":{"line":25,"column":71}}]},"2":{"loc":{"start":{"line":47,"column":27},"end":{"line":47,"column":50}},"type":"binary-expr","locations":[{"start":{"line":47,"column":27},"end":{"line":47,"column":43}},{"start":{"line":47,"column":47},"end":{"line":47,"column":50}}]},"3":{"loc":{"start":{"line":48,"column":24},"end":{"line":48,"column":71}},"type":"binary-expr","locations":[{"start":{"line":48,"column":24},"end":{"line":48,"column":44}},{"start":{"line":48,"column":48},"end":{"line":48,"column":71}}]},"4":{"loc":{"start":{"line":70,"column":27},"end":{"line":70,"column":50}},"type":"binary-expr","locations":[{"start":{"line":70,"column":27},"end":{"line":70,"column":43}},{"start":{"line":70,"column":47},"end":{"line":70,"column":50}}]},"5":{"loc":{"start":{"line":71,"column":24},"end":{"line":71,"column":71}},"type":"binary-expr","locations":[{"start":{"line":71,"column":24},"end":{"line":71,"column":44}},{"start":{"line":71,"column":48},"end":{"line":71,"column":71}}]},"6":{"loc":{"start":{"line":91,"column":8},"end":{"line":95,"column":9}},"type":"if","locations":[{"start":{"line":91,"column":8},"end":{"line":95,"column":9}},{"start":{},"end":{}}]},"7":{"loc":{"start":{"line":101,"column":29},"end":{"line":101,"column":76}},"type":"binary-expr","locations":[{"start":{"line":101,"column":29},"end":{"line":101,"column":70}},{"start":{"line":101,"column":74},"end":{"line":101,"column":76}}]},"8":{"loc":{"start":{"line":102,"column":12},"end":{"line":113,"column":13}},"type":"if","locations":[{"start":{"line":102,"column":12},"end":{"line":113,"column":13}},{"start":{"line":109,"column":17},"end":{"line":113,"column":13}}]},"9":{"loc":{"start":{"line":117,"column":31},"end":{"line":117,"column":54}},"type":"binary-expr","locations":[{"start":{"line":117,"column":31},"end":{"line":117,"column":47}},{"start":{"line":117,"column":51},"end":{"line":117,"column":54}}]},"10":{"loc":{"start":{"line":118,"column":28},"end":{"line":118,"column":75}},"type":"binary-expr","locations":[{"start":{"line":118,"column":28},"end":{"line":118,"column":48}},{"start":{"line":118,"column":52},"end":{"line":118,"column":75}}]},"11":{"loc":{"start":{"line":125,"column":27},"end":{"line":125,"column":50}},"type":"binary-expr","locations":[{"start":{"line":125,"column":27},"end":{"line":125,"column":43}},{"start":{"line":125,"column":47},"end":{"line":125,"column":50}}]},"12":{"loc":{"start":{"line":126,"column":24},"end":{"line":126,"column":73}},"type":"binary-expr","locations":[{"start":{"line":126,"column":24},"end":{"line":126,"column":44}},{"start":{"line":126,"column":48},"end":{"line":126,"column":73}}]}},"s":{"0":2,"1":2,"2":2,"3":2,"4":2,"5":2,"6":2,"7":3,"8":3,"9":3,"10":3,"11":1,"12":2,"13":2,"14":2,"15":2,"16":3,"17":3,"18":3,"19":3,"20":1,"21":2,"22":2,"23":2,"24":2,"25":3,"26":3,"27":3,"28":3,"29":1,"30":2,"31":2,"32":2,"33":2,"34":7,"35":7,"36":7,"37":7,"38":5,"39":1,"40":1,"41":4,"42":4,"43":4,"44":2,"45":2,"46":1,"47":1,"48":1,"49":1,"50":1,"51":2,"52":2,"53":2,"54":2,"55":2,"56":2,"57":2,"58":2},"f":{"0":3,"1":3,"2":3,"3":7},"b":{"0":[2,1],"1":[2,1],"2":[2,1],"3":[2,1],"4":[2,1],"5":[2,1],"6":[1,4],"7":[2,1],"8":[1,1],"9":[2,1],"10":[2,1],"11":[2,1],"12":[2,1]}}
,"C:\\Users\\andyc\\Documents\\_Personal\\projects\\LOL-Match-Analyzer\\backend\\src\\errors\\APIError.ts": {"path":"C:\\Users\\andyc\\Documents\\_Personal\\projects\\LOL-Match-Analyzer\\backend\\src\\errors\\APIError.ts","statementMap":{"0":{"start":{"line":7,"column":8},"end":{"line":7,"column":42}},"1":{"start":{"line":8,"column":8},"end":{"line":8,"column":29}},"2":{"start":{"line":9,"column":8},"end":{"line":9,"column":37}},"3":{"start":{"line":2,"column":0},"end":{"line":2,"column":13}}},"fnMap":{"0":{"name":"(anonymous_0)","decl":{"start":{"line":6,"column":4},"end":{"line":6,"column":16}},"loc":{"start":{"line":6,"column":50},"end":{"line":10,"column":5}}}},"branchMap":{},"s":{"0":11,"1":11,"2":11,"3":6},"f":{"0":11},"b":{}}
,"C:\\Users\\andyc\\Documents\\_Personal\\projects\\LOL-Match-Analyzer\\backend\\src\\models\\playerSummaryModel.ts": {"path":"C:\\Users\\andyc\\Documents\\_Personal\\projects\\LOL-Match-Analyzer\\backend\\src\\models\\playerSummaryModel.ts","statementMap":{"0":{"start":{"line":1,"column":0},"end":{"line":1,"column":32}},"1":{"start":{"line":3,"column":28},"end":{"line":7,"column":2}},"2":{"start":{"line":9,"column":13},"end":{"line":9,"column":87}}},"fnMap":{},"branchMap":{},"s":{"0":2,"1":2,"2":2},"f":{},"b":{}}
,"C:\\Users\\andyc\\Documents\\_Personal\\projects\\LOL-Match-Analyzer\\backend\\src\\routes\\riotRoutes.ts": {"path":"C:\\Users\\andyc\\Documents\\_Personal\\projects\\LOL-Match-Analyzer\\backend\\src\\routes\\riotRoutes.ts","statementMap":{"0":{"start":{"line":1,"column":0},"end":{"line":1,"column":30}},"1":{"start":{"line":2,"column":0},"end":{"line":2,"column":65}},"2":{"start":{"line":4,"column":15},"end":{"line":4,"column":31}},"3":{"start":{"line":11,"column":0},"end":{"line":11,"column":82}},"4":{"start":{"line":14,"column":0},"end":{"line":14,"column":73}},"5":{"start":{"line":17,"column":0},"end":{"line":17,"column":72}},"6":{"start":{"line":20,"column":0},"end":{"line":20,"column":89}},"7":{"start":{"line":23,"column":0},"end":{"line":23,"column":22}}},"fnMap":{},"branchMap":{},"s":{"0":1,"1":1,"2":1,"3":1,"4":1,"5":1,"6":1,"7":1},"f":{},"b":{}}
,"C:\\Users\\andyc\\Documents\\_Personal\\projects\\LOL-Match-Analyzer\\backend\\src\\services\\groqAnalysisService.ts": {"path":"C:\\Users\\andyc\\Documents\\_Personal\\projects\\LOL-Match-Analyzer\\backend\\src\\services\\groqAnalysisService.ts","statementMap":{"0":{"start":{"line":4,"column":0},"end":{"line":4,"column":7}},"1":{"start":{"line":1,"column":0},"end":{"line":1,"column":28}},"2":{"start":{"line":2,"column":0},"end":{"line":2,"column":58}},"3":{"start":{"line":6,"column":4},"end":{"line":23,"column":5}},"4":{"start":{"line":7,"column":21},"end":{"line":7,"column":67}},"5":{"start":{"line":8,"column":30},"end":{"line":8,"column":68}},"6":{"start":{"line":10,"column":8},"end":{"line":18,"column":11}},"7":{"start":{"line":21,"column":8},"end":{"line":21,"column":71}},"8":{"start":{"line":22,"column":8},"end":{"line":22,"column":20}}},"fnMap":{"0":{"name":"getGroqChatCompletion","decl":{"start":{"line":4,"column":22},"end":{"line":4,"column":43}},"loc":{"start":{"line":4,"column":103},"end":{"line":24,"column":1}}}},"branchMap":{},"s":{"0":3,"1":3,"2":3,"3":8,"4":8,"5":8,"6":7,"7":1,"8":1},"f":{"0":8},"b":{}}
,"C:\\Users\\andyc\\Documents\\_Personal\\projects\\LOL-Match-Analyzer\\backend\\src\\services\\playerSummaryService.ts": {"path":"C:\\Users\\andyc\\Documents\\_Personal\\projects\\LOL-Match-Analyzer\\backend\\src\\services\\playerSummaryService.ts","statementMap":{"0":{"start":{"line":195,"column":0},"end":{"line":195,"column":7}},"1":{"start":{"line":1,"column":0},"end":{"line":1,"column":84}},"2":{"start":{"line":10,"column":33},"end":{"line":40,"column":6}},"3":{"start":{"line":41,"column":25},"end":{"line":41,"column":65}},"4":{"start":{"line":43,"column":4},"end":{"line":109,"column":5}},"5":{"start":{"line":44,"column":24},"end":{"line":44,"column":54}},"6":{"start":{"line":45,"column":23},"end":{"line":45,"column":66}},"7":{"start":{"line":45,"column":48},"end":{"line":45,"column":65}},"8":{"start":{"line":46,"column":8},"end":{"line":46,"column":33}},"9":{"start":{"line":46,"column":21},"end":{"line":46,"column":33}},"10":{"start":{"line":48,"column":45},"end":{"line":58,"column":10}},"11":{"start":{"line":60,"column":37},"end":{"line":64,"column":10}},"12":{"start":{"line":66,"column":8},"end":{"line":88,"column":9}},"13":{"start":{"line":68,"column":12},"end":{"line":72,"column":13}},"14":{"start":{"line":69,"column":16},"end":{"line":69,"column":50}},"15":{"start":{"line":70,"column":16},"end":{"line":70,"column":60}},"16":{"start":{"line":71,"column":16},"end":{"line":71,"column":60}},"17":{"start":{"line":75,"column":12},"end":{"line":87,"column":13}},"18":{"start":{"line":76,"column":64},"end":{"line":76,"column":66}},"19":{"start":{"line":77,"column":16},"end":{"line":85,"column":17}},"20":{"start":{"line":78,"column":20},"end":{"line":84,"column":21}},"21":{"start":{"line":79,"column":24},"end":{"line":83,"column":25}},"22":{"start":{"line":80,"column":28},"end":{"line":80,"column":95}},"23":{"start":{"line":82,"column":28},"end":{"line":82,"column":72}},"24":{"start":{"line":86,"column":16},"end":{"line":86,"column":61}},"25":{"start":{"line":91,"column":8},"end":{"line":91,"column":109}},"26":{"start":{"line":92,"column":8},"end":{"line":92,"column":106}},"27":{"start":{"line":93,"column":8},"end":{"line":93,"column":142}},"28":{"start":{"line":94,"column":8},"end":{"line":97,"column":10}},"29":{"start":{"line":100,"column":8},"end":{"line":100,"column":57}},"30":{"start":{"line":101,"column":8},"end":{"line":101,"column":55}},"31":{"start":{"line":102,"column":8},"end":{"line":102,"column":55}},"32":{"start":{"line":103,"column":8},"end":{"line":103,"column":54}},"33":{"start":{"line":104,"column":8},"end":{"line":104,"column":54}},"34":{"start":{"line":105,"column":8},"end":{"line":105,"column":59}},"35":{"start":{"line":106,"column":8},"end":{"line":106,"column":59}},"36":{"start":{"line":108,"column":8},"end":{"line":108,"column":29}},"37":{"start":{"line":110,"column":4},"end":{"line":110,"column":16}},"38":{"start":{"line":119,"column":26},"end":{"line":119,"column":67}},"39":{"start":{"line":121,"column":4},"end":{"line":187,"column":5}},"40":{"start":{"line":122,"column":23},"end":{"line":122,"column":90}},"41":{"start":{"line":122,"column":72},"end":{"line":122,"column":89}},"42":{"start":{"line":123,"column":25},"end":{"line":123,"column":61}},"43":{"start":{"line":124,"column":8},"end":{"line":124,"column":35}},"44":{"start":{"line":124,"column":23},"end":{"line":124,"column":35}},"45":{"start":{"line":126,"column":52},"end":{"line":148,"column":10}},"46":{"start":{"line":151,"column":23},"end":{"line":151,"column":48}},"47":{"start":{"line":152,"column":8},"end":{"line":185,"column":9}},"48":{"start":{"line":154,"column":12},"end":{"line":184,"column":13}},"49":{"start":{"line":155,"column":42},"end":{"line":155,"column":77}},"50":{"start":{"line":158,"column":16},"end":{"line":183,"column":17}},"51":{"start":{"line":159,"column":20},"end":{"line":161,"column":77}},"52":{"start":{"line":159,"column":48},"end":{"line":159,"column":101}},"53":{"start":{"line":160,"column":25},"end":{"line":161,"column":77}},"54":{"start":{"line":160,"column":53},"end":{"line":160,"column":104}},"55":{"start":{"line":161,"column":25},"end":{"line":161,"column":77}},"56":{"start":{"line":163,"column":21},"end":{"line":183,"column":17}},"57":{"start":{"line":164,"column":20},"end":{"line":166,"column":66}},"58":{"start":{"line":164,"column":48},"end":{"line":164,"column":90}},"59":{"start":{"line":165,"column":25},"end":{"line":166,"column":66}},"60":{"start":{"line":165,"column":53},"end":{"line":165,"column":93}},"61":{"start":{"line":166,"column":25},"end":{"line":166,"column":66}},"62":{"start":{"line":168,"column":21},"end":{"line":183,"column":17}},"63":{"start":{"line":169,"column":20},"end":{"line":171,"column":80}},"64":{"start":{"line":169,"column":48},"end":{"line":169,"column":104}},"65":{"start":{"line":170,"column":25},"end":{"line":171,"column":80}},"66":{"start":{"line":170,"column":53},"end":{"line":170,"column":107}},"67":{"start":{"line":171,"column":25},"end":{"line":171,"column":80}},"68":{"start":{"line":173,"column":21},"end":{"line":183,"column":17}},"69":{"start":{"line":174,"column":20},"end":{"line":176,"column":75}},"70":{"start":{"line":174,"column":48},"end":{"line":174,"column":99}},"71":{"start":{"line":175,"column":25},"end":{"line":176,"column":75}},"72":{"start":{"line":175,"column":53},"end":{"line":175,"column":102}},"73":{"start":{"line":176,"column":25},"end":{"line":176,"column":75}},"74":{"start":{"line":178,"column":21},"end":{"line":183,"column":17}},"75":{"start":{"line":179,"column":20},"end":{"line":179,"column":95}},"76":{"start":{"line":179,"column":48},"end":{"line":179,"column":95}},"77":{"start":{"line":186,"column":8},"end":{"line":186,"column":30}},"78":{"start":{"line":188,"column":4},"end":{"line":188,"column":16}},"79":{"start":{"line":196,"column":41},"end":{"line":199,"column":6}},"80":{"start":{"line":200,"column":26},"end":{"line":200,"column":65}},"81":{"start":{"line":201,"column":27},"end":{"line":201,"column":67}},"82":{"start":{"line":210,"column":4},"end":{"line":214,"column":5}},"83":{"start":{"line":211,"column":8},"end":{"line":211,"column":52}},"84":{"start":{"line":212,"column":8},"end":{"line":212,"column":54}},"85":{"start":{"line":213,"column":8},"end":{"line":213,"column":29}},"86":{"start":{"line":215,"column":4},"end":{"line":215,"column":16}}},"fnMap":{"0":{"name":"getPlayerDetails","decl":{"start":{"line":8,"column":15},"end":{"line":8,"column":31}},"loc":{"start":{"line":8,"column":63},"end":{"line":111,"column":1}}},"1":{"name":"(anonymous_1)","decl":{"start":{"line":45,"column":36},"end":{"line":45,"column":37}},"loc":{"start":{"line":45,"column":48},"end":{"line":45,"column":65}}},"2":{"name":"getPlayerTimeline","decl":{"start":{"line":118,"column":15},"end":{"line":118,"column":32}},"loc":{"start":{"line":118,"column":64},"end":{"line":189,"column":1}}},"3":{"name":"(anonymous_3)","decl":{"start":{"line":122,"column":60},"end":{"line":122,"column":61}},"loc":{"start":{"line":122,"column":72},"end":{"line":122,"column":89}}},"4":{"name":"getPlayerSummary","decl":{"start":{"line":195,"column":22},"end":{"line":195,"column":38}},"loc":{"start":{"line":195,"column":70},"end":{"line":216,"column":1}}}},"branchMap":{"0":{"loc":{"start":{"line":43,"column":4},"end":{"line":109,"column":5}},"type":"if","locations":[{"start":{"line":43,"column":4},"end":{"line":109,"column":5}},{"start":{},"end":{}}]},"1":{"loc":{"start":{"line":43,"column":8},"end":{"line":43,"column":41}},"type":"binary-expr","locations":[{"start":{"line":43,"column":8},"end":{"line":43,"column":20}},{"start":{"line":43,"column":24},"end":{"line":43,"column":41}}]},"2":{"loc":{"start":{"line":46,"column":8},"end":{"line":46,"column":33}},"type":"if","locations":[{"start":{"line":46,"column":8},"end":{"line":46,"column":33}},{"start":{},"end":{}}]},"3":{"loc":{"start":{"line":52,"column":23},"end":{"line":52,"column":46}},"type":"binary-expr","locations":[{"start":{"line":52,"column":23},"end":{"line":52,"column":40}},{"start":{"line":52,"column":44},"end":{"line":52,"column":46}}]},"4":{"loc":{"start":{"line":68,"column":12},"end":{"line":72,"column":13}},"type":"if","locations":[{"start":{"line":68,"column":12},"end":{"line":72,"column":13}},{"start":{},"end":{}}]},"5":{"loc":{"start":{"line":75,"column":12},"end":{"line":87,"column":13}},"type":"if","locations":[{"start":{"line":75,"column":12},"end":{"line":87,"column":13}},{"start":{},"end":{}}]},"6":{"loc":{"start":{"line":75,"column":16},"end":{"line":75,"column":49}},"type":"binary-expr","locations":[{"start":{"line":75,"column":16},"end":{"line":75,"column":33}},{"start":{"line":75,"column":37},"end":{"line":75,"column":49}}]},"7":{"loc":{"start":{"line":78,"column":20},"end":{"line":84,"column":21}},"type":"if","locations":[{"start":{"line":78,"column":20},"end":{"line":84,"column":21}},{"start":{},"end":{}}]},"8":{"loc":{"start":{"line":79,"column":24},"end":{"line":83,"column":25}},"type":"if","locations":[{"start":{"line":79,"column":24},"end":{"line":83,"column":25}},{"start":{"line":81,"column":31},"end":{"line":83,"column":25}}]},"9":{"loc":{"start":{"line":79,"column":28},"end":{"line":79,"column":104}},"type":"binary-expr","locations":[{"start":{"line":79,"column":28},"end":{"line":79,"column":58}},{"start":{"line":79,"column":62},"end":{"line":79,"column":104}}]},"10":{"loc":{"start":{"line":121,"column":4},"end":{"line":187,"column":5}},"type":"if","locations":[{"start":{"line":121,"column":4},"end":{"line":187,"column":5}},{"start":{},"end":{}}]},"11":{"loc":{"start":{"line":121,"column":8},"end":{"line":121,"column":43}},"type":"binary-expr","locations":[{"start":{"line":121,"column":8},"end":{"line":121,"column":21}},{"start":{"line":121,"column":25},"end":{"line":121,"column":43}}]},"12":{"loc":{"start":{"line":123,"column":25},"end":{"line":123,"column":61}},"type":"cond-expr","locations":[{"start":{"line":123,"column":34},"end":{"line":123,"column":54}},{"start":{"line":123,"column":57},"end":{"line":123,"column":61}}]},"13":{"loc":{"start":{"line":124,"column":8},"end":{"line":124,"column":35}},"type":"if","locations":[{"start":{"line":124,"column":8},"end":{"line":124,"column":35}},{"start":{},"end":{}}]},"14":{"loc":{"start":{"line":158,"column":16},"end":{"line":183,"column":17}},"type":"if","locations":[{"start":{"line":158,"column":16},"end":{"line":183,"column":17}},{"start":{"line":163,"column":21},"end":{"line":183,"column":17}}]},"15":{"loc":{"start":{"line":158,"column":20},"end":{"line":158,"column":170}},"type":"binary-expr","locations":[{"start":{"line":158,"column":20},"end":{"line":158,"column":50}},{"start":{"line":158,"column":55},"end":{"line":158,"column":82}},{"start":{"line":158,"column":87},"end":{"line":158,"column":116}},{"start":{"line":158,"column":120},"end":{"line":158,"column":168}}]},"16":{"loc":{"start":{"line":159,"column":20},"end":{"line":161,"column":77}},"type":"if","locations":[{"start":{"line":159,"column":20},"end":{"line":161,"column":77}},{"start":{"line":160,"column":25},"end":{"line":161,"column":77}}]},"17":{"loc":{"start":{"line":160,"column":25},"end":{"line":161,"column":77}},"type":"if","locations":[{"start":{"line":160,"column":25},"end":{"line":161,"column":77}},{"start":{"line":161,"column":25},"end":{"line":161,"column":77}}]},"18":{"loc":{"start":{"line":163,"column":21},"end":{"line":183,"column":17}},"type":"if","locations":[{"start":{"line":163,"column":21},"end":{"line":183,"column":17}},{"start":{"line":168,"column":21},"end":{"line":183,"column":17}}]},"19":{"loc":{"start":{"line":163,"column":25},"end":{"line":163,"column":86}},"type":"binary-expr","locations":[{"start":{"line":163,"column":25},"end":{"line":163,"column":55}},{"start":{"line":163,"column":59},"end":{"line":163,"column":86}}]},"20":{"loc":{"start":{"line":164,"column":20},"end":{"line":166,"column":66}},"type":"if","locations":[{"start":{"line":164,"column":20},"end":{"line":166,"column":66}},{"start":{"line":165,"column":25},"end":{"line":166,"column":66}}]},"21":{"loc":{"start":{"line":165,"column":25},"end":{"line":166,"column":66}},"type":"if","locations":[{"start":{"line":165,"column":25},"end":{"line":166,"column":66}},{"start":{"line":166,"column":25},"end":{"line":166,"column":66}}]},"22":{"loc":{"start":{"line":168,"column":21},"end":{"line":183,"column":17}},"type":"if","locations":[{"start":{"line":168,"column":21},"end":{"line":183,"column":17}},{"start":{"line":173,"column":21},"end":{"line":183,"column":17}}]},"23":{"loc":{"start":{"line":168,"column":25},"end":{"line":168,"column":180}},"type":"binary-expr","locations":[{"start":{"line":168,"column":25},"end":{"line":168,"column":60}},{"start":{"line":168,"column":65},"end":{"line":168,"column":92}},{"start":{"line":168,"column":97},"end":{"line":168,"column":126}},{"start":{"line":168,"column":130},"end":{"line":168,"column":178}}]},"24":{"loc":{"start":{"line":169,"column":20},"end":{"line":171,"column":80}},"type":"if","locations":[{"start":{"line":169,"column":20},"end":{"line":171,"column":80}},{"start":{"line":170,"column":25},"end":{"line":171,"column":80}}]},"25":{"loc":{"start":{"line":170,"column":25},"end":{"line":171,"column":80}},"type":"if","locations":[{"start":{"line":170,"column":25},"end":{"line":171,"column":80}},{"start":{"line":171,"column":25},"end":{"line":171,"column":80}}]},"26":{"loc":{"start":{"line":173,"column":21},"end":{"line":183,"column":17}},"type":"if","locations":[{"start":{"line":173,"column":21},"end":{"line":183,"column":17}},{"start":{"line":178,"column":21},"end":{"line":183,"column":17}}]},"27":{"loc":{"start":{"line":173,"column":25},"end":{"line":173,"column":175}},"type":"binary-expr","locations":[{"start":{"line":173,"column":25},"end":{"line":173,"column":55}},{"start":{"line":173,"column":60},"end":{"line":173,"column":87}},{"start":{"line":173,"column":92},"end":{"line":173,"column":121}},{"start":{"line":173,"column":125},"end":{"line":173,"column":173}}]},"28":{"loc":{"start":{"line":174,"column":20},"end":{"line":176,"column":75}},"type":"if","locations":[{"start":{"line":174,"column":20},"end":{"line":176,"column":75}},{"start":{"line":175,"column":25},"end":{"line":176,"column":75}}]},"29":{"loc":{"start":{"line":175,"column":25},"end":{"line":176,"column":75}},"type":"if","locations":[{"start":{"line":175,"column":25},"end":{"line":176,"column":75}},{"start":{"line":176,"column":25},"end":{"line":176,"column":75}}]},"30":{"loc":{"start":{"line":178,"column":21},"end":{"line":183,"column":17}},"type":"if","locations":[{"start":{"line":178,"column":21},"end":{"line":183,"column":17}},{"start":{},"end":{}}]},"31":{"loc":{"start":{"line":178,"column":25},"end":{"line":178,"column":100}},"type":"binary-expr","locations":[{"start":{"line":178,"column":25},"end":{"line":178,"column":64}},{"start":{"line":178,"column":68},"end":{"line":178,"column":100}}]},"32":{"loc":{"start":{"line":179,"column":20},"end":{"line":179,"column":95}},"type":"if","locations":[{"start":{"line":179,"column":20},"end":{"line":179,"column":95}},{"start":{},"end":{}}]},"33":{"loc":{"start":{"line":210,"column":4},"end":{"line":214,"column":5}},"type":"if","locations":[{"start":{"line":210,"column":4},"end":{"line":214,"column":5}},{"start":{},"end":{}}]},"34":{"loc":{"start":{"line":210,"column":8},"end":{"line":210,"column":39}},"type":"binary-expr","locations":[{"start":{"line":210,"column":8},"end":{"line":210,"column":21}},{"start":{"line":210,"column":25},"end":{"line":210,"column":39}}]}},"s":{"0":4,"1":4,"2":8,"3":8,"4":8,"5":7,"6":7,"7":7,"8":7,"9":1,"10":6,"11":6,"12":6,"13":18,"14":12,"15":12,"16":12,"17":18,"18":6,"19":6,"20":60,"21":54,"22":12,"23":42,"24":6,"25":6,"26":6,"27":6,"28":6,"29":6,"30":6,"31":6,"32":6,"33":6,"34":6,"35":6,"36":6,"37":1,"38":8,"39":8,"40":7,"41":7,"42":7,"43":7,"44":1,"45":6,"46":6,"47":6,"48":16,"49":41,"50":41,"51":10,"52":5,"53":5,"54":0,"55":5,"56":31,"57":5,"58":0,"59":5,"60":5,"61":0,"62":26,"63":10,"64":5,"65":5,"66":5,"67":0,"68":16,"69":10,"70":5,"71":5,"72":0,"73":5,"74":6,"75":5,"76":5,"77":6,"78":1,"79":8,"80":8,"81":8,"82":8,"83":4,"84":4,"85":4,"86":4},"f":{"0":8,"1":7,"2":8,"3":7,"4":8},"b":{"0":[7,1],"1":[8,7],"2":[1,6],"3":[6,0],"4":[12,6],"5":[6,12],"6":[18,6],"7":[54,6],"8":[12,42],"9":[54,48],"10":[7,1],"11":[8,8],"12":[6,1],"13":[1,6],"14":[10,31],"15":[41,15,5,5],"16":[5,5],"17":[0,5],"18":[5,26],"19":[31,5],"20":[0,5],"21":[5,0],"22":[10,16],"23":[26,10,0,0],"24":[5,5],"25":[5,0],"26":[10,6],"27":[16,10,0,0],"28":[5,5],"29":[0,5],"30":[5,1],"31":[6,5],"32":[5,0],"33":[4,4],"34":[8,6]}}
,"C:\\Users\\andyc\\Documents\\_Personal\\projects\\LOL-Match-Analyzer\\backend\\src\\services\\riotService.ts": {"path":"C:\\Users\\andyc\\Documents\\_Personal\\projects\\LOL-Match-Analyzer\\backend\\src\\services\\riotService.ts","statementMap":{"0":{"start":{"line":59,"column":0},"end":{"line":59,"column":7}},"1":{"start":{"line":73,"column":0},"end":{"line":73,"column":7}},"2":{"start":{"line":86,"column":0},"end":{"line":86,"column":7}},"3":{"start":{"line":99,"column":0},"end":{"line":99,"column":7}},"4":{"start":{"line":10,"column":0},"end":{"line":10,"column":44}},"5":{"start":{"line":11,"column":0},"end":{"line":11,"column":46}},"6":{"start":{"line":34,"column":4},"end":{"line":49,"column":5}},"7":{"start":{"line":35,"column":25},"end":{"line":35,"column":70}},"8":{"start":{"line":38,"column":8},"end":{"line":38,"column":83}},"9":{"start":{"line":38,"column":26},"end":{"line":38,"column":83}},"10":{"start":{"line":40,"column":8},"end":{"line":40,"column":103}},"11":{"start":{"line":41,"column":8},"end":{"line":41,"column":37}},"12":{"start":{"line":43,"column":25},"end":{"line":43,"column":42}},"13":{"start":{"line":44,"column":27},"end":{"line":44,"column":49}},"14":{"start":{"line":45,"column":24},"end":{"line":45,"column":70}},"15":{"start":{"line":47,"column":8},"end":{"line":47,"column":85}},"16":{"start":{"line":48,"column":8},"end":{"line":48,"column":48}},"17":{"start":{"line":60,"column":16},"end":{"line":60,"column":112}},"18":{"start":{"line":61,"column":4},"end":{"line":61,"column":73}},"19":{"start":{"line":63,"column":4},"end":{"line":63,"column":34}},"20":{"start":{"line":74,"column":16},"end":{"line":74,"column":111}},"21":{"start":{"line":75,"column":4},"end":{"line":75,"column":74}},"22":{"start":{"line":77,"column":4},"end":{"line":77,"column":34}},"23":{"start":{"line":87,"column":16},"end":{"line":87,"column":86}},"24":{"start":{"line":88,"column":4},"end":{"line":88,"column":79}},"25":{"start":{"line":90,"column":4},"end":{"line":90,"column":34}},"26":{"start":{"line":100,"column":16},"end":{"line":100,"column":95}},"27":{"start":{"line":101,"column":4},"end":{"line":101,"column":80}},"28":{"start":{"line":103,"column":4},"end":{"line":103,"column":34}}},"fnMap":{"0":{"name":"sendRequest","decl":{"start":{"line":33,"column":15},"end":{"line":33,"column":26}},"loc":{"start":{"line":33,"column":38},"end":{"line":50,"column":1}}},"1":{"name":"getPUUIDBySummonerNameAndTag","decl":{"start":{"line":59,"column":22},"end":{"line":59,"column":50}},"loc":{"start":{"line":59,"column":84},"end":{"line":64,"column":1}}},"2":{"name":"getRecentMatchesByPUUID","decl":{"start":{"line":73,"column":22},"end":{"line":73,"column":45}},"loc":{"start":{"line":73,"column":78},"end":{"line":78,"column":1}}},"3":{"name":"getMatchDetailsByMatchID","decl":{"start":{"line":86,"column":22},"end":{"line":86,"column":46}},"loc":{"start":{"line":86,"column":63},"end":{"line":91,"column":1}}},"4":{"name":"getMatchTimelineByMatchID","decl":{"start":{"line":99,"column":22},"end":{"line":99,"column":47}},"loc":{"start":{"line":99,"column":64},"end":{"line":104,"column":1}}}},"branchMap":{"0":{"loc":{"start":{"line":38,"column":8},"end":{"line":38,"column":83}},"type":"if","locations":[{"start":{"line":38,"column":8},"end":{"line":38,"column":83}},{"start":{},"end":{}}]},"1":{"loc":{"start":{"line":44,"column":27},"end":{"line":44,"column":49}},"type":"binary-expr","locations":[{"start":{"line":44,"column":27},"end":{"line":44,"column":42}},{"start":{"line":44,"column":46},"end":{"line":44,"column":49}}]},"2":{"loc":{"start":{"line":45,"column":24},"end":{"line":45,"column":70}},"type":"binary-expr","locations":[{"start":{"line":45,"column":24},"end":{"line":45,"column":43}},{"start":{"line":45,"column":47},"end":{"line":45,"column":70}}]},"3":{"loc":{"start":{"line":73,"column":61},"end":{"line":73,"column":78}},"type":"default-arg","locations":[{"start":{"line":73,"column":77},"end":{"line":73,"column":78}}]}},"s":{"0":5,"1":5,"2":5,"3":5,"4":5,"5":5,"6":11,"7":11,"8":6,"9":1,"10":5,"11":5,"12":6,"13":6,"14":6,"15":6,"16":6,"17":8,"18":8,"19":8,"20":1,"21":1,"22":1,"23":1,"24":1,"25":1,"26":1,"27":1,"28":1},"f":{"0":11,"1":8,"2":1,"3":1,"4":1},"b":{"0":[1,5],"1":[6,1],"2":[6,1],"3":[1]}}
}
