{"C:\\Users\\andyc\\Documents\\_Personal\\projects\\LOL-Match-Analyzer\\backend\\src\\config.ts": {"path":"C:\\Users\\andyc\\Documents\\_Personal\\projects\\LOL-Match-Analyzer\\backend\\src\\config.ts","statementMap":{"0":{"start":{"line":1,"column":0},"end":{"line":1,"column":33}},"1":{"start":{"line":3,"column":0},"end":{"line":3,"column":16}},"2":{"start":{"line":5,"column":13},"end":{"line":5,"column":53}},"3":{"start":{"line":6,"column":13},"end":{"line":6,"column":41}},"4":{"start":{"line":7,"column":13},"end":{"line":7,"column":59}},"5":{"start":{"line":8,"column":13},"end":{"line":8,"column":57}},"6":{"start":{"line":10,"column":13},"end":{"line":12,"column":2}}},"fnMap":{},"branchMap":{},"s":{"0":4,"1":4,"2":4,"3":4,"4":4,"5":4,"6":4},"f":{},"b":{}}
,"C:\\Users\\andyc\\Documents\\_Personal\\projects\\LOL-Match-Analyzer\\backend\\src\\controllers\\riotControllers.ts": {"path":"C:\\Users\\andyc\\Documents\\_Personal\\projects\\LOL-Match-Analyzer\\backend\\src\\controllers\\riotControllers.ts","statementMap":{"0":{"start":{"line":13,"column":0},"end":{"line":13,"column":7}},"1":{"start":{"line":36,"column":0},"end":{"line":36,"column":7}},"2":{"start":{"line":59,"column":0},"end":{"line":59,"column":7}},"3":{"start":{"line":83,"column":0},"end":{"line":83,"column":7}},"4":{"start":{"line":2,"column":0},"end":{"line":2,"column":122}},"5":{"start":{"line":3,"column":0},"end":{"line":3,"column":72}},"6":{"start":{"line":4,"column":0},"end":{"line":4,"column":66}},"7":{"start":{"line":14,"column":38},"end":{"line":14,"column":48}},"8":{"start":{"line":16,"column":4},"end":{"line":16,"column":65}},"9":{"start":{"line":17,"column":4},"end":{"line":28,"column":5}},"10":{"start":{"line":18,"column":21},"end":{"line":18,"column":78}},"11":{"start":{"line":20,"column":8},"end":{"line":20,"column":42}},"12":{"start":{"line":23,"column":25},"end":{"line":23,"column":42}},"13":{"start":{"line":24,"column":27},"end":{"line":24,"column":50}},"14":{"start":{"line":25,"column":24},"end":{"line":25,"column":71}},"15":{"start":{"line":27,"column":8},"end":{"line":27,"column":83}},"16":{"start":{"line":37,"column":22},"end":{"line":37,"column":32}},"17":{"start":{"line":39,"column":4},"end":{"line":39,"column":63}},"18":{"start":{"line":40,"column":4},"end":{"line":51,"column":5}},"19":{"start":{"line":41,"column":24},"end":{"line":41,"column":60}},"20":{"start":{"line":43,"column":8},"end":{"line":43,"column":45}},"21":{"start":{"line":46,"column":25},"end":{"line":46,"column":42}},"22":{"start":{"line":47,"column":27},"end":{"line":47,"column":50}},"23":{"start":{"line":48,"column":24},"end":{"line":48,"column":71}},"24":{"start":{"line":50,"column":8},"end":{"line":50,"column":83}},"25":{"start":{"line":60,"column":24},"end":{"line":60,"column":34}},"26":{"start":{"line":62,"column":4},"end":{"line":62,"column":67}},"27":{"start":{"line":63,"column":4},"end":{"line":74,"column":5}},"28":{"start":{"line":64,"column":29},"end":{"line":64,"column":68}},"29":{"start":{"line":66,"column":8},"end":{"line":66,"column":50}},"30":{"start":{"line":69,"column":25},"end":{"line":69,"column":42}},"31":{"start":{"line":70,"column":27},"end":{"line":70,"column":50}},"32":{"start":{"line":71,"column":24},"end":{"line":71,"column":71}},"33":{"start":{"line":73,"column":8},"end":{"line":73,"column":83}},"34":{"start":{"line":84,"column":31},"end":{"line":84,"column":41}},"35":{"start":{"line":86,"column":4},"end":{"line":129,"column":5}},"36":{"start":{"line":88,"column":8},"end":{"line":88,"column":92}},"37":{"start":{"line":89,"column":21},"end":{"line":89,"column":87}},"38":{"start":{"line":91,"column":8},"end":{"line":95,"column":9}},"39":{"start":{"line":92,"column":12},"end":{"line":92,"column":70}},"40":{"start":{"line":94,"column":12},"end":{"line":94,"column":55}},"41":{"start":{"line":98,"column":8},"end":{"line":98,"column":72}},"42":{"start":{"line":99,"column":8},"end":{"line":121,"column":9}},"43":{"start":{"line":100,"column":33},"end":{"line":100,"column":102}},"44":{"start":{"line":101,"column":29},"end":{"line":101,"column":76}},"45":{"start":{"line":102,"column":12},"end":{"line":113,"column":13}},"46":{"start":{"line":103,"column":31},"end":{"line":103,"column":92}},"47":{"start":{"line":105,"column":16},"end":{"line":105,"column":80}},"48":{"start":{"line":107,"column":16},"end":{"line":107,"column":61}},"49":{"start":{"line":110,"column":16},"end":{"line":110,"column":74}},"50":{"start":{"line":112,"column":16},"end":{"line":112,"column":107}},"51":{"start":{"line":116,"column":29},"end":{"line":116,"column":46}},"52":{"start":{"line":117,"column":31},"end":{"line":117,"column":54}},"53":{"start":{"line":118,"column":28},"end":{"line":118,"column":75}},"54":{"start":{"line":120,"column":12},"end":{"line":120,"column":88}},"55":{"start":{"line":124,"column":25},"end":{"line":124,"column":42}},"56":{"start":{"line":125,"column":27},"end":{"line":125,"column":50}},"57":{"start":{"line":126,"column":24},"end":{"line":126,"column":71}},"58":{"start":{"line":128,"column":8},"end":{"line":128,"column":84}}},"fnMap":{"0":{"name":"getPUUIDController","decl":{"start":{"line":13,"column":22},"end":{"line":13,"column":40}},"loc":{"start":{"line":13,"column":68},"end":{"line":29,"column":1}}},"1":{"name":"getRecentMatchesController","decl":{"start":{"line":36,"column":22},"end":{"line":36,"column":48}},"loc":{"start":{"line":36,"column":76},"end":{"line":52,"column":1}}},"2":{"name":"getMatchDetailsController","decl":{"start":{"line":59,"column":22},"end":{"line":59,"column":47}},"loc":{"start":{"line":59,"column":75},"end":{"line":75,"column":1}}},"3":{"name":"getPlayerSummaryController","decl":{"start":{"line":83,"column":22},"end":{"line":83,"column":48}},"loc":{"start":{"line":83,"column":76},"end":{"line":130,"column":1}}}},"branchMap":{"0":{"loc":{"start":{"line":24,"column":27},"end":{"line":24,"column":50}},"type":"binary-expr","locations":[{"start":{"line":24,"column":27},"end":{"line":24,"column":43}},{"start":{"line":24,"column":47},"end":{"line":24,"column":50}}]},"1":{"loc":{"start":{"line":25,"column":24},"end":{"line":25,"column":71}},"type":"binary-expr","locations":[{"start":{"line":25,"column":24},"end":{"line":25,"column":44}},{"start":{"line":25,"column":48},"end":{"line":25,"column":71}}]},"2":{"loc":{"start":{"line":47,"column":27},"end":{"line":47,"column":50}},"type":"binary-expr","locations":[{"start":{"line":47,"column":27},"end":{"line":47,"column":43}},{"start":{"line":47,"column":47},"end":{"line":47,"column":50}}]},"3":{"loc":{"start":{"line":48,"column":24},"end":{"line":48,"column":71}},"type":"binary-expr","locations":[{"start":{"line":48,"column":24},"end":{"line":48,"column":44}},{"start":{"line":48,"column":48},"end":{"line":48,"column":71}}]},"4":{"loc":{"start":{"line":70,"column":27},"end":{"line":70,"column":50}},"type":"binary-expr","locations":[{"start":{"line":70,"column":27},"end":{"line":70,"column":43}},{"start":{"line":70,"column":47},"end":{"line":70,"column":50}}]},"5":{"loc":{"start":{"line":71,"column":24},"end":{"line":71,"column":71}},"type":"binary-expr","locations":[{"start":{"line":71,"column":24},"end":{"line":71,"column":44}},{"start":{"line":71,"column":48},"end":{"line":71,"column":71}}]},"6":{"loc":{"start":{"line":91,"column":8},"end":{"line":95,"column":9}},"type":"if","locations":[{"start":{"line":91,"column":8},"end":{"line":95,"column":9}},{"start":{},"end":{}}]},"7":{"loc":{"start":{"line":101,"column":29},"end":{"line":101,"column":76}},"type":"binary-expr","locations":[{"start":{"line":101,"column":29},"end":{"line":101,"column":70}},{"start":{"line":101,"column":74},"end":{"line":101,"column":76}}]},"8":{"loc":{"start":{"line":102,"column":12},"end":{"line":113,"column":13}},"type":"if","locations":[{"start":{"line":102,"column":12},"end":{"line":113,"column":13}},{"start":{"line":109,"column":17},"end":{"line":113,"column":13}}]},"9":{"loc":{"start":{"line":117,"column":31},"end":{"line":117,"column":54}},"type":"binary-expr","locations":[{"start":{"line":117,"column":31},"end":{"line":117,"column":47}},{"start":{"line":117,"column":51},"end":{"line":117,"column":54}}]},"10":{"loc":{"start":{"line":118,"column":28},"end":{"line":118,"column":75}},"type":"binary-expr","locations":[{"start":{"line":118,"column":28},"end":{"line":118,"column":48}},{"start":{"line":118,"column":52},"end":{"line":118,"column":75}}]},"11":{"loc":{"start":{"line":125,"column":27},"end":{"line":125,"column":50}},"type":"binary-expr","locations":[{"start":{"line":125,"column":27},"end":{"line":125,"column":43}},{"start":{"line":125,"column":47},"end":{"line":125,"column":50}}]},"12":{"loc":{"start":{"line":126,"column":24},"end":{"line":126,"column":71}},"type":"binary-expr","locations":[{"start":{"line":126,"column":24},"end":{"line":126,"column":44}},{"start":{"line":126,"column":48},"end":{"line":126,"column":71}}]}},"s":{"0":2,"1":2,"2":2,"3":2,"4":2,"5":2,"6":2,"7":3,"8":3,"9":3,"10":3,"11":1,"12":2,"13":2,"14":2,"15":2,"16":3,"17":3,"18":3,"19":3,"20":1,"21":2,"22":2,"23":2,"24":2,"25":3,"26":3,"27":3,"28":3,"29":1,"30":2,"31":2,"32":2,"33":2,"34":7,"35":7,"36":7,"37":7,"38":5,"39":1,"40":1,"41":4,"42":4,"43":4,"44":2,"45":2,"46":1,"47":1,"48":1,"49":1,"50":1,"51":2,"52":2,"53":2,"54":2,"55":2,"56":2,"57":2,"58":2},"f":{"0":3,"1":3,"2":3,"3":7},"b":{"0":[2,1],"1":[2,1],"2":[2,1],"3":[2,1],"4":[2,1],"5":[2,1],"6":[1,4],"7":[2,1],"8":[1,1],"9":[2,1],"10":[2,1],"11":[2,1],"12":[2,1]}}
,"C:\\Users\\andyc\\Documents\\_Personal\\projects\\LOL-Match-Analyzer\\backend\\src\\errors\\APIError.ts": {"path":"C:\\Users\\andyc\\Documents\\_Personal\\projects\\LOL-Match-Analyzer\\backend\\src\\errors\\APIError.ts","statementMap":{"0":{"start":{"line":7,"column":8},"end":{"line":7,"column":42}},"1":{"start":{"line":8,"column":8},"end":{"line":8,"column":29}},"2":{"start":{"line":9,"column":8},"end":{"line":9,"column":37}},"3":{"start":{"line":2,"column":0},"end":{"line":2,"column":13}}},"fnMap":{"0":{"name":"(anonymous_0)","decl":{"start":{"line":6,"column":4},"end":{"line":6,"column":16}},"loc":{"start":{"line":6,"column":50},"end":{"line":10,"column":5}}}},"branchMap":{},"s":{"0":11,"1":11,"2":11,"3":6},"f":{"0":11},"b":{}}
,"C:\\Users\\andyc\\Documents\\_Personal\\projects\\LOL-Match-Analyzer\\backend\\src\\models\\playerSummaryModel.ts": {"path":"C:\\Users\\andyc\\Documents\\_Personal\\projects\\LOL-Match-Analyzer\\backend\\src\\models\\playerSummaryModel.ts","statementMap":{"0":{"start":{"line":1,"column":0},"end":{"line":1,"column":32}},"1":{"start":{"line":3,"column":28},"end":{"line":7,"column":2}},"2":{"start":{"line":9,"column":13},"end":{"line":9,"column":87}}},"fnMap":{},"branchMap":{},"s":{"0":2,"1":2,"2":2},"f":{},"b":{}}
,"C:\\Users\\andyc\\Documents\\_Personal\\projects\\LOL-Match-Analyzer\\backend\\src\\routes\\riotRoutes.ts": {"path":"C:\\Users\\andyc\\Documents\\_Personal\\projects\\LOL-Match-Analyzer\\backend\\src\\routes\\riotRoutes.ts","statementMap":{"0":{"start":{"line":1,"column":0},"end":{"line":1,"column":30}},"1":{"start":{"line":2,"column":0},"end":{"line":2,"column":65}},"2":{"start":{"line":4,"column":15},"end":{"line":4,"column":31}},"3":{"start":{"line":11,"column":0},"end":{"line":11,"column":82}},"4":{"start":{"line":14,"column":0},"end":{"line":14,"column":73}},"5":{"start":{"line":17,"column":0},"end":{"line":17,"column":72}},"6":{"start":{"line":20,"column":0},"end":{"line":20,"column":89}},"7":{"start":{"line":23,"column":0},"end":{"line":23,"column":22}}},"fnMap":{},"branchMap":{},"s":{"0":1,"1":1,"2":1,"3":1,"4":1,"5":1,"6":1,"7":1},"f":{},"b":{}}
,"C:\\Users\\andyc\\Documents\\_Personal\\projects\\LOL-Match-Analyzer\\backend\\src\\services\\groqAnalysisService.ts": {"path":"C:\\Users\\andyc\\Documents\\_Personal\\projects\\LOL-Match-Analyzer\\backend\\src\\services\\groqAnalysisService.ts","statementMap":{"0":{"start":{"line":4,"column":0},"end":{"line":4,"column":7}},"1":{"start":{"line":1,"column":0},"end":{"line":1,"column":28}},"2":{"start":{"line":2,"column":0},"end":{"line":2,"column":58}},"3":{"start":{"line":6,"column":4},"end":{"line":23,"column":5}},"4":{"start":{"line":7,"column":21},"end":{"line":7,"column":67}},"5":{"start":{"line":8,"column":30},"end":{"line":8,"column":68}},"6":{"start":{"line":10,"column":8},"end":{"line":18,"column":11}},"7":{"start":{"line":21,"column":8},"end":{"line":21,"column":71}},"8":{"start":{"line":22,"column":8},"end":{"line":22,"column":20}}},"fnMap":{"0":{"name":"getGroqChatCompletion","decl":{"start":{"line":4,"column":22},"end":{"line":4,"column":43}},"loc":{"start":{"line":4,"column":103},"end":{"line":24,"column":1}}}},"branchMap":{},"s":{"0":3,"1":3,"2":3,"3":8,"4":8,"5":8,"6":7,"7":1,"8":1},"f":{"0":8},"b":{}}
,"C:\\Users\\andyc\\Documents\\_Personal\\projects\\LOL-Match-Analyzer\\backend\\src\\services\\playerSummaryService.ts": {"path":"C:\\Users\\andyc\\Documents\\_Personal\\projects\\LOL-Match-Analyzer\\backend\\src\\services\\playerSummaryService.ts","statementMap":{"0":{"start":{"line":196,"column":0},"end":{"line":196,"column":7}},"1":{"start":{"line":1,"column":0},"end":{"line":1,"column":84}},"2":{"start":{"line":31,"column":29},"end":{"line":47,"column":2}},"3":{"start":{"line":54,"column":26},"end":{"line":54,"column":66}},"4":{"start":{"line":56,"column":4},"end":{"line":92,"column":5}},"5":{"start":{"line":57,"column":24},"end":{"line":57,"column":55}},"6":{"start":{"line":59,"column":8},"end":{"line":91,"column":9}},"7":{"start":{"line":61,"column":12},"end":{"line":90,"column":13}},"8":{"start":{"line":64,"column":65},"end":{"line":64,"column":67}},"9":{"start":{"line":65,"column":16},"end":{"line":69,"column":17}},"10":{"start":{"line":66,"column":20},"end":{"line":68,"column":21}},"11":{"start":{"line":67,"column":24},"end":{"line":67,"column":57}},"12":{"start":{"line":72,"column":54},"end":{"line":87,"column":18}},"13":{"start":{"line":89,"column":16},"end":{"line":89,"column":38}},"14":{"start":{"line":94,"column":4},"end":{"line":94,"column":16}},"15":{"start":{"line":102,"column":25},"end":{"line":102,"column":66}},"16":{"start":{"line":103,"column":35},"end":{"line":103,"column":37}},"17":{"start":{"line":105,"column":4},"end":{"line":186,"column":5}},"18":{"start":{"line":108,"column":38},"end":{"line":108,"column":42}},"19":{"start":{"line":110,"column":8},"end":{"line":116,"column":9}},"20":{"start":{"line":112,"column":12},"end":{"line":115,"column":13}},"21":{"start":{"line":113,"column":16},"end":{"line":113,"column":48}},"22":{"start":{"line":114,"column":16},"end":{"line":114,"column":22}},"23":{"start":{"line":118,"column":8},"end":{"line":118,"column":48}},"24":{"start":{"line":118,"column":31},"end":{"line":118,"column":48}},"25":{"start":{"line":122,"column":8},"end":{"line":184,"column":9}},"26":{"start":{"line":123,"column":36},"end":{"line":123,"column":71}},"27":{"start":{"line":126,"column":41},"end":{"line":126,"column":43}},"28":{"start":{"line":128,"column":12},"end":{"line":153,"column":13}},"29":{"start":{"line":129,"column":16},"end":{"line":129,"column":39}},"30":{"start":{"line":132,"column":16},"end":{"line":152,"column":17}},"31":{"start":{"line":133,"column":20},"end":{"line":142,"column":21}},"32":{"start":{"line":138,"column":24},"end":{"line":138,"column":54}},"33":{"start":{"line":139,"column":24},"end":{"line":139,"column":55}},"34":{"start":{"line":140,"column":24},"end":{"line":140,"column":58}},"35":{"start":{"line":141,"column":24},"end":{"line":141,"column":50}},"36":{"start":{"line":143,"column":23},"end":{"line":152,"column":17}},"37":{"start":{"line":144,"column":20},"end":{"line":144,"column":42}},"38":{"start":{"line":145,"column":20},"end":{"line":145,"column":48}},"39":{"start":{"line":146,"column":20},"end":{"line":146,"column":46}},"40":{"start":{"line":147,"column":23},"end":{"line":152,"column":17}},"41":{"start":{"line":148,"column":20},"end":{"line":151,"column":21}},"42":{"start":{"line":149,"column":24},"end":{"line":149,"column":46}},"43":{"start":{"line":150,"column":24},"end":{"line":150,"column":50}},"44":{"start":{"line":156,"column":12},"end":{"line":183,"column":13}},"45":{"start":{"line":157,"column":36},"end":{"line":157,"column":80}},"46":{"start":{"line":160,"column":16},"end":{"line":160,"column":47}},"47":{"start":{"line":161,"column":16},"end":{"line":161,"column":49}},"48":{"start":{"line":162,"column":16},"end":{"line":162,"column":49}},"49":{"start":{"line":163,"column":16},"end":{"line":163,"column":55}},"50":{"start":{"line":164,"column":16},"end":{"line":164,"column":45}},"51":{"start":{"line":165,"column":16},"end":{"line":165,"column":38}},"52":{"start":{"line":166,"column":16},"end":{"line":166,"column":60}},"53":{"start":{"line":168,"column":16},"end":{"line":168,"column":70}},"54":{"start":{"line":169,"column":16},"end":{"line":169,"column":70}},"55":{"start":{"line":170,"column":16},"end":{"line":170,"column":59}},"56":{"start":{"line":171,"column":16},"end":{"line":171,"column":61}},"57":{"start":{"line":172,"column":16},"end":{"line":172,"column":59}},"58":{"start":{"line":173,"column":16},"end":{"line":173,"column":58}},"59":{"start":{"line":174,"column":16},"end":{"line":174,"column":62}},"60":{"start":{"line":175,"column":16},"end":{"line":175,"column":59}},"61":{"start":{"line":178,"column":16},"end":{"line":182,"column":19}},"62":{"start":{"line":185,"column":8},"end":{"line":185,"column":25}},"63":{"start":{"line":188,"column":4},"end":{"line":188,"column":16}},"64":{"start":{"line":197,"column":25},"end":{"line":197,"column":64}},"65":{"start":{"line":198,"column":28},"end":{"line":198,"column":68}},"66":{"start":{"line":200,"column":4},"end":{"line":202,"column":5}},"67":{"start":{"line":201,"column":8},"end":{"line":201,"column":20}},"68":{"start":{"line":204,"column":4},"end":{"line":207,"column":6}}},"fnMap":{"0":{"name":"getPlayerDetails","decl":{"start":{"line":53,"column":15},"end":{"line":53,"column":31}},"loc":{"start":{"line":53,"column":63},"end":{"line":95,"column":1}}},"1":{"name":"getPlayerTimeline","decl":{"start":{"line":101,"column":15},"end":{"line":101,"column":32}},"loc":{"start":{"line":101,"column":64},"end":{"line":190,"column":1}}},"2":{"name":"getPlayerSummary","decl":{"start":{"line":196,"column":22},"end":{"line":196,"column":38}},"loc":{"start":{"line":196,"column":70},"end":{"line":208,"column":1}}}},"branchMap":{"0":{"loc":{"start":{"line":56,"column":4},"end":{"line":92,"column":5}},"type":"if","locations":[{"start":{"line":56,"column":4},"end":{"line":92,"column":5}},{"start":{},"end":{}}]},"1":{"loc":{"start":{"line":56,"column":8},"end":{"line":56,"column":43}},"type":"binary-expr","locations":[{"start":{"line":56,"column":8},"end":{"line":56,"column":21}},{"start":{"line":56,"column":25},"end":{"line":56,"column":43}}]},"2":{"loc":{"start":{"line":61,"column":12},"end":{"line":90,"column":13}},"type":"if","locations":[{"start":{"line":61,"column":12},"end":{"line":90,"column":13}},{"start":{},"end":{}}]},"3":{"loc":{"start":{"line":65,"column":58},"end":{"line":65,"column":81}},"type":"binary-expr","locations":[{"start":{"line":65,"column":58},"end":{"line":65,"column":75}},{"start":{"line":65,"column":79},"end":{"line":65,"column":81}}]},"4":{"loc":{"start":{"line":66,"column":20},"end":{"line":68,"column":21}},"type":"if","locations":[{"start":{"line":66,"column":20},"end":{"line":68,"column":21}},{"start":{},"end":{}}]},"5":{"loc":{"start":{"line":105,"column":4},"end":{"line":186,"column":5}},"type":"if","locations":[{"start":{"line":105,"column":4},"end":{"line":186,"column":5}},{"start":{},"end":{}}]},"6":{"loc":{"start":{"line":105,"column":8},"end":{"line":105,"column":41}},"type":"binary-expr","locations":[{"start":{"line":105,"column":8},"end":{"line":105,"column":20}},{"start":{"line":105,"column":24},"end":{"line":105,"column":41}}]},"7":{"loc":{"start":{"line":112,"column":12},"end":{"line":115,"column":13}},"type":"if","locations":[{"start":{"line":112,"column":12},"end":{"line":115,"column":13}},{"start":{},"end":{}}]},"8":{"loc":{"start":{"line":118,"column":8},"end":{"line":118,"column":48}},"type":"if","locations":[{"start":{"line":118,"column":8},"end":{"line":118,"column":48}},{"start":{},"end":{}}]},"9":{"loc":{"start":{"line":132,"column":16},"end":{"line":152,"column":17}},"type":"if","locations":[{"start":{"line":132,"column":16},"end":{"line":152,"column":17}},{"start":{"line":143,"column":23},"end":{"line":152,"column":17}}]},"10":{"loc":{"start":{"line":133,"column":20},"end":{"line":142,"column":21}},"type":"if","locations":[{"start":{"line":133,"column":20},"end":{"line":142,"column":21}},{"start":{},"end":{}}]},"11":{"loc":{"start":{"line":134,"column":24},"end":{"line":136,"column":51}},"type":"binary-expr","locations":[{"start":{"line":134,"column":24},"end":{"line":134,"column":51}},{"start":{"line":135,"column":25},"end":{"line":135,"column":54}},{"start":{"line":135,"column":58},"end":{"line":135,"column":106}},{"start":{"line":136,"column":24},"end":{"line":136,"column":51}}]},"12":{"loc":{"start":{"line":143,"column":23},"end":{"line":152,"column":17}},"type":"if","locations":[{"start":{"line":143,"column":23},"end":{"line":152,"column":17}},{"start":{"line":147,"column":23},"end":{"line":152,"column":17}}]},"13":{"loc":{"start":{"line":147,"column":23},"end":{"line":152,"column":17}},"type":"if","locations":[{"start":{"line":147,"column":23},"end":{"line":152,"column":17}},{"start":{},"end":{}}]},"14":{"loc":{"start":{"line":147,"column":27},"end":{"line":147,"column":100}},"type":"binary-expr","locations":[{"start":{"line":147,"column":27},"end":{"line":147,"column":57}},{"start":{"line":147,"column":61},"end":{"line":147,"column":100}}]},"15":{"loc":{"start":{"line":148,"column":20},"end":{"line":151,"column":21}},"type":"if","locations":[{"start":{"line":148,"column":20},"end":{"line":151,"column":21}},{"start":{},"end":{}}]},"16":{"loc":{"start":{"line":156,"column":12},"end":{"line":183,"column":13}},"type":"if","locations":[{"start":{"line":156,"column":12},"end":{"line":183,"column":13}},{"start":{},"end":{}}]},"17":{"loc":{"start":{"line":200,"column":4},"end":{"line":202,"column":5}},"type":"if","locations":[{"start":{"line":200,"column":4},"end":{"line":202,"column":5}},{"start":{},"end":{}}]}},"s":{"0":4,"1":4,"2":4,"3":13,"4":13,"5":12,"6":12,"7":12,"8":11,"9":11,"10":99,"11":88,"12":11,"13":11,"14":2,"15":13,"16":13,"17":13,"18":12,"19":12,"20":12,"21":11,"22":11,"23":12,"24":1,"25":11,"26":21,"27":21,"28":21,"29":31,"30":31,"31":20,"32":20,"33":20,"34":20,"35":20,"36":11,"37":10,"38":10,"39":10,"40":1,"41":0,"42":0,"43":0,"44":21,"45":20,"46":20,"47":20,"48":20,"49":20,"50":20,"51":20,"52":20,"53":20,"54":20,"55":20,"56":20,"57":20,"58":20,"59":20,"60":20,"61":20,"62":11,"63":1,"64":13,"65":13,"66":13,"67":2,"68":11},"f":{"0":13,"1":13,"2":13},"b":{"0":[12,1],"1":[13,12],"2":[11,1],"3":[11,0],"4":[88,11],"5":[12,1],"6":[13,13],"7":[11,1],"8":[1,11],"9":[20,11],"10":[20,0],"11":[20,10,10,10],"12":[10,1],"13":[0,1],"14":[1,1],"15":[0,0],"16":[20,1],"17":[2,11]}}
,"C:\\Users\\andyc\\Documents\\_Personal\\projects\\LOL-Match-Analyzer\\backend\\src\\services\\riotService.ts": {"path":"C:\\Users\\andyc\\Documents\\_Personal\\projects\\LOL-Match-Analyzer\\backend\\src\\services\\riotService.ts","statementMap":{"0":{"start":{"line":59,"column":0},"end":{"line":59,"column":7}},"1":{"start":{"line":73,"column":0},"end":{"line":73,"column":7}},"2":{"start":{"line":86,"column":0},"end":{"line":86,"column":7}},"3":{"start":{"line":99,"column":0},"end":{"line":99,"column":7}},"4":{"start":{"line":10,"column":0},"end":{"line":10,"column":44}},"5":{"start":{"line":11,"column":0},"end":{"line":11,"column":46}},"6":{"start":{"line":34,"column":4},"end":{"line":49,"column":5}},"7":{"start":{"line":35,"column":25},"end":{"line":35,"column":70}},"8":{"start":{"line":38,"column":8},"end":{"line":38,"column":83}},"9":{"start":{"line":38,"column":26},"end":{"line":38,"column":83}},"10":{"start":{"line":40,"column":8},"end":{"line":40,"column":103}},"11":{"start":{"line":41,"column":8},"end":{"line":41,"column":37}},"12":{"start":{"line":43,"column":25},"end":{"line":43,"column":42}},"13":{"start":{"line":44,"column":27},"end":{"line":44,"column":49}},"14":{"start":{"line":45,"column":24},"end":{"line":45,"column":70}},"15":{"start":{"line":47,"column":8},"end":{"line":47,"column":85}},"16":{"start":{"line":48,"column":8},"end":{"line":48,"column":48}},"17":{"start":{"line":60,"column":16},"end":{"line":60,"column":112}},"18":{"start":{"line":61,"column":4},"end":{"line":61,"column":73}},"19":{"start":{"line":63,"column":4},"end":{"line":63,"column":34}},"20":{"start":{"line":74,"column":16},"end":{"line":74,"column":111}},"21":{"start":{"line":75,"column":4},"end":{"line":75,"column":74}},"22":{"start":{"line":77,"column":4},"end":{"line":77,"column":34}},"23":{"start":{"line":87,"column":16},"end":{"line":87,"column":86}},"24":{"start":{"line":88,"column":4},"end":{"line":88,"column":79}},"25":{"start":{"line":90,"column":4},"end":{"line":90,"column":34}},"26":{"start":{"line":100,"column":16},"end":{"line":100,"column":95}},"27":{"start":{"line":101,"column":4},"end":{"line":101,"column":80}},"28":{"start":{"line":103,"column":4},"end":{"line":103,"column":34}}},"fnMap":{"0":{"name":"sendRequest","decl":{"start":{"line":33,"column":15},"end":{"line":33,"column":26}},"loc":{"start":{"line":33,"column":38},"end":{"line":50,"column":1}}},"1":{"name":"getPUUIDBySummonerNameAndTag","decl":{"start":{"line":59,"column":22},"end":{"line":59,"column":50}},"loc":{"start":{"line":59,"column":84},"end":{"line":64,"column":1}}},"2":{"name":"getRecentMatchesByPUUID","decl":{"start":{"line":73,"column":22},"end":{"line":73,"column":45}},"loc":{"start":{"line":73,"column":78},"end":{"line":78,"column":1}}},"3":{"name":"getMatchDetailsByMatchID","decl":{"start":{"line":86,"column":22},"end":{"line":86,"column":46}},"loc":{"start":{"line":86,"column":63},"end":{"line":91,"column":1}}},"4":{"name":"getMatchTimelineByMatchID","decl":{"start":{"line":99,"column":22},"end":{"line":99,"column":47}},"loc":{"start":{"line":99,"column":64},"end":{"line":104,"column":1}}}},"branchMap":{"0":{"loc":{"start":{"line":38,"column":8},"end":{"line":38,"column":83}},"type":"if","locations":[{"start":{"line":38,"column":8},"end":{"line":38,"column":83}},{"start":{},"end":{}}]},"1":{"loc":{"start":{"line":44,"column":27},"end":{"line":44,"column":49}},"type":"binary-expr","locations":[{"start":{"line":44,"column":27},"end":{"line":44,"column":42}},{"start":{"line":44,"column":46},"end":{"line":44,"column":49}}]},"2":{"loc":{"start":{"line":45,"column":24},"end":{"line":45,"column":70}},"type":"binary-expr","locations":[{"start":{"line":45,"column":24},"end":{"line":45,"column":43}},{"start":{"line":45,"column":47},"end":{"line":45,"column":70}}]},"3":{"loc":{"start":{"line":73,"column":61},"end":{"line":73,"column":78}},"type":"default-arg","locations":[{"start":{"line":73,"column":77},"end":{"line":73,"column":78}}]}},"s":{"0":5,"1":5,"2":5,"3":5,"4":5,"5":5,"6":11,"7":11,"8":6,"9":1,"10":5,"11":5,"12":6,"13":6,"14":6,"15":6,"16":6,"17":8,"18":8,"19":8,"20":1,"21":1,"22":1,"23":1,"24":1,"25":1,"26":1,"27":1,"28":1},"f":{"0":11,"1":8,"2":1,"3":1,"4":1},"b":{"0":[1,5],"1":[6,1],"2":[6,1],"3":[1]}}
}
