TN:
SF:src\config.ts
FNF:0
FNH:0
DA:1,1
DA:3,1
DA:5,1
DA:6,1
DA:7,1
DA:8,1
DA:10,1
LF:7
LH:7
BRF:0
BRH:0
end_of_record
TN:
SF:src\controllers\riotControllers.ts
FN:13,getPUUIDController
FN:36,getRecentMatchesController
FN:59,getMatchDetailsController
FN:83,getPlayerSummaryController
FNF:4
FNH:4
FNDA:3,getPUUIDController
FNDA:3,getRecentMatchesController
FNDA:3,getMatchDetailsController
FNDA:7,getPlayerSummaryController
DA:2,1
DA:3,1
DA:4,1
DA:13,1
DA:14,3
DA:16,3
DA:17,3
DA:18,3
DA:20,1
DA:23,2
DA:24,2
DA:25,2
DA:27,2
DA:36,1
DA:37,3
DA:39,3
DA:40,3
DA:41,3
DA:43,1
DA:46,2
DA:47,2
DA:48,2
DA:50,2
DA:59,1
DA:60,3
DA:62,3
DA:63,3
DA:64,3
DA:66,1
DA:69,2
DA:70,2
DA:71,2
DA:73,2
DA:83,1
DA:84,7
DA:86,7
DA:88,7
DA:89,7
DA:91,5
DA:92,1
DA:94,1
DA:98,4
DA:99,4
DA:100,4
DA:101,2
DA:102,2
DA:103,1
DA:105,1
DA:107,1
DA:110,1
DA:112,1
DA:116,2
DA:117,2
DA:118,2
DA:120,2
DA:124,2
DA:125,2
DA:126,2
DA:128,2
LF:59
LH:59
BRDA:24,0,0,2
BRDA:24,0,1,1
BRDA:25,1,0,2
BRDA:25,1,1,1
BRDA:47,2,0,2
BRDA:47,2,1,1
BRDA:48,3,0,2
BRDA:48,3,1,1
BRDA:70,4,0,2
BRDA:70,4,1,1
BRDA:71,5,0,2
BRDA:71,5,1,1
BRDA:91,6,0,1
BRDA:91,6,1,4
BRDA:101,7,0,2
BRDA:101,7,1,1
BRDA:102,8,0,1
BRDA:102,8,1,1
BRDA:117,9,0,2
BRDA:117,9,1,1
BRDA:118,10,0,2
BRDA:118,10,1,1
BRDA:125,11,0,2
BRDA:125,11,1,1
BRDA:126,12,0,2
BRDA:126,12,1,1
BRF:26
BRH:26
end_of_record
TN:
SF:src\errors\APIError.ts
FN:6,(anonymous_0)
FNF:1
FNH:1
FNDA:1,(anonymous_0)
DA:2,2
DA:7,1
DA:8,1
DA:9,1
LF:4
LH:4
BRF:0
BRH:0
end_of_record
TN:
SF:src\models\playerSummaryModel.ts
FNF:0
FNH:0
DA:1,1
DA:3,1
DA:9,1
LF:3
LH:3
BRF:0
BRH:0
end_of_record
TN:
SF:src\services\groqAnalysisService.ts
FN:4,getGroqChatCompletion
FNF:1
FNH:0
FNDA:0,getGroqChatCompletion
DA:1,1
DA:2,1
DA:4,1
DA:6,0
DA:7,0
DA:8,0
DA:10,0
DA:21,0
DA:22,0
LF:9
LH:3
BRF:0
BRH:0
end_of_record
TN:
SF:src\services\playerSummaryService.ts
FN:53,getPlayerDetails
FN:101,getPlayerTimeline
FN:196,getPlayerSummary
FNF:3
FNH:0
FNDA:0,getPlayerDetails
FNDA:0,getPlayerTimeline
FNDA:0,getPlayerSummary
DA:1,1
DA:31,1
DA:54,0
DA:56,0
DA:57,0
DA:59,0
DA:61,0
DA:64,0
DA:65,0
DA:66,0
DA:67,0
DA:72,0
DA:89,0
DA:94,0
DA:102,0
DA:103,0
DA:105,0
DA:108,0
DA:110,0
DA:112,0
DA:113,0
DA:114,0
DA:118,0
DA:122,0
DA:123,0
DA:126,0
DA:128,0
DA:129,0
DA:132,0
DA:133,0
DA:138,0
DA:139,0
DA:140,0
DA:141,0
DA:143,0
DA:144,0
DA:145,0
DA:146,0
DA:147,0
DA:148,0
DA:149,0
DA:150,0
DA:156,0
DA:157,0
DA:160,0
DA:161,0
DA:162,0
DA:163,0
DA:164,0
DA:165,0
DA:166,0
DA:168,0
DA:169,0
DA:170,0
DA:171,0
DA:172,0
DA:173,0
DA:174,0
DA:175,0
DA:178,0
DA:185,0
DA:188,0
DA:196,1
DA:197,0
DA:198,0
DA:200,0
DA:201,0
DA:204,0
LF:68
LH:3
BRDA:56,0,0,0
BRDA:56,0,1,0
BRDA:56,1,0,0
BRDA:56,1,1,0
BRDA:61,2,0,0
BRDA:61,2,1,0
BRDA:65,3,0,0
BRDA:65,3,1,0
BRDA:66,4,0,0
BRDA:66,4,1,0
BRDA:105,5,0,0
BRDA:105,5,1,0
BRDA:105,6,0,0
BRDA:105,6,1,0
BRDA:112,7,0,0
BRDA:112,7,1,0
BRDA:118,8,0,0
BRDA:118,8,1,0
BRDA:132,9,0,0
BRDA:132,9,1,0
BRDA:133,10,0,0
BRDA:133,10,1,0
BRDA:134,11,0,0
BRDA:134,11,1,0
BRDA:134,11,2,0
BRDA:134,11,3,0
BRDA:143,12,0,0
BRDA:143,12,1,0
BRDA:147,13,0,0
BRDA:147,13,1,0
BRDA:147,14,0,0
BRDA:147,14,1,0
BRDA:148,15,0,0
BRDA:148,15,1,0
BRDA:156,16,0,0
BRDA:156,16,1,0
BRDA:200,17,0,0
BRDA:200,17,1,0
BRF:38
BRH:0
end_of_record
TN:
SF:src\services\riotService.ts
FN:33,sendRequest
FN:59,getPUUIDBySummonerNameAndTag
FN:73,getRecentMatchesByPUUID
FN:86,getMatchDetailsByMatchID
FN:99,getMatchTimelineByMatchID
FNF:5
FNH:0
FNDA:0,sendRequest
FNDA:0,getPUUIDBySummonerNameAndTag
FNDA:0,getRecentMatchesByPUUID
FNDA:0,getMatchDetailsByMatchID
FNDA:0,getMatchTimelineByMatchID
DA:10,1
DA:11,1
DA:34,0
DA:35,0
DA:38,0
DA:40,0
DA:41,0
DA:43,0
DA:44,0
DA:45,0
DA:47,0
DA:48,0
DA:59,1
DA:60,0
DA:61,0
DA:63,0
DA:73,1
DA:74,0
DA:75,0
DA:77,0
DA:86,1
DA:87,0
DA:88,0
DA:90,0
DA:99,1
DA:100,0
DA:101,0
DA:103,0
LF:28
LH:6
BRDA:38,0,0,0
BRDA:38,0,1,0
BRDA:44,1,0,0
BRDA:44,1,1,0
BRDA:45,2,0,0
BRDA:45,2,1,0
BRDA:73,3,0,0
BRF:7
BRH:0
end_of_record
