TN:
SF:src\config.ts
FNF:0
FNH:0
DA:1,4
DA:3,4
DA:5,4
DA:6,4
DA:7,4
DA:8,4
DA:10,4
LF:7
LH:7
BRF:0
BRH:0
end_of_record
TN:
SF:src\controllers\riotControllers.ts
FN:13,getPUUIDController
FN:36,getRecentMatchesController
FN:59,getMatchDetailsController
FN:83,getPlayerSummaryController
FNF:4
FNH:4
FNDA:3,getPUUIDController
FNDA:3,getRecentMatchesController
FNDA:3,getMatchDetailsController
FNDA:7,getPlayerSummaryController
DA:2,2
DA:3,2
DA:4,2
DA:13,2
DA:14,3
DA:16,3
DA:17,3
DA:18,3
DA:20,1
DA:23,2
DA:24,2
DA:25,2
DA:27,2
DA:36,2
DA:37,3
DA:39,3
DA:40,3
DA:41,3
DA:43,1
DA:46,2
DA:47,2
DA:48,2
DA:50,2
DA:59,2
DA:60,3
DA:62,3
DA:63,3
DA:64,3
DA:66,1
DA:69,2
DA:70,2
DA:71,2
DA:73,2
DA:83,2
DA:84,7
DA:86,7
DA:88,7
DA:89,7
DA:91,5
DA:92,1
DA:94,1
DA:98,4
DA:99,4
DA:100,4
DA:101,2
DA:102,2
DA:103,1
DA:105,1
DA:107,1
DA:110,1
DA:112,1
DA:116,2
DA:117,2
DA:118,2
DA:120,2
DA:124,2
DA:125,2
DA:126,2
DA:128,2
LF:59
LH:59
BRDA:24,0,0,2
BRDA:24,0,1,1
BRDA:25,1,0,2
BRDA:25,1,1,1
BRDA:47,2,0,2
BRDA:47,2,1,1
BRDA:48,3,0,2
BRDA:48,3,1,1
BRDA:70,4,0,2
BRDA:70,4,1,1
BRDA:71,5,0,2
BRDA:71,5,1,1
BRDA:91,6,0,1
BRDA:91,6,1,4
BRDA:101,7,0,2
BRDA:101,7,1,1
BRDA:102,8,0,1
BRDA:102,8,1,1
BRDA:117,9,0,2
BRDA:117,9,1,1
BRDA:118,10,0,2
BRDA:118,10,1,1
BRDA:125,11,0,2
BRDA:125,11,1,1
BRDA:126,12,0,2
BRDA:126,12,1,1
BRF:26
BRH:26
end_of_record
TN:
SF:src\errors\APIError.ts
FN:6,(anonymous_0)
FNF:1
FNH:1
FNDA:11,(anonymous_0)
DA:2,6
DA:7,11
DA:8,11
DA:9,11
LF:4
LH:4
BRF:0
BRH:0
end_of_record
TN:
SF:src\models\playerSummaryModel.ts
FNF:0
FNH:0
DA:1,2
DA:3,2
DA:9,2
LF:3
LH:3
BRF:0
BRH:0
end_of_record
TN:
SF:src\routes\riotRoutes.ts
FNF:0
FNH:0
DA:1,1
DA:2,1
DA:4,1
DA:11,1
DA:14,1
DA:17,1
DA:20,1
DA:23,1
LF:8
LH:8
BRF:0
BRH:0
end_of_record
TN:
SF:src\services\groqAnalysisService.ts
FN:4,getGroqChatCompletion
FNF:1
FNH:1
FNDA:8,getGroqChatCompletion
DA:1,3
DA:2,3
DA:4,3
DA:6,8
DA:7,8
DA:8,8
DA:10,7
DA:21,1
DA:22,1
LF:9
LH:9
BRF:0
BRH:0
end_of_record
TN:
SF:src\services\playerSummaryService.ts
FN:8,getPlayerDetails
FN:45,(anonymous_1)
FN:118,getPlayerTimeline
FN:122,(anonymous_3)
FN:195,getPlayerSummary
FNF:5
FNH:5
FNDA:8,getPlayerDetails
FNDA:7,(anonymous_1)
FNDA:8,getPlayerTimeline
FNDA:7,(anonymous_3)
FNDA:8,getPlayerSummary
DA:1,4
DA:10,8
DA:41,8
DA:43,8
DA:44,7
DA:45,7
DA:46,7
DA:48,6
DA:60,6
DA:66,6
DA:68,18
DA:69,12
DA:70,12
DA:71,12
DA:75,18
DA:76,6
DA:77,6
DA:78,60
DA:79,54
DA:80,12
DA:82,42
DA:86,6
DA:91,6
DA:92,6
DA:93,6
DA:94,6
DA:100,6
DA:101,6
DA:102,6
DA:103,6
DA:104,6
DA:105,6
DA:106,6
DA:108,6
DA:110,1
DA:119,8
DA:121,8
DA:122,7
DA:123,7
DA:124,7
DA:126,6
DA:151,6
DA:152,6
DA:154,16
DA:155,41
DA:158,41
DA:159,10
DA:160,5
DA:161,5
DA:163,31
DA:164,5
DA:165,5
DA:166,0
DA:168,26
DA:169,10
DA:170,5
DA:171,0
DA:173,16
DA:174,10
DA:175,5
DA:176,5
DA:178,6
DA:179,5
DA:186,6
DA:188,1
DA:195,4
DA:196,8
DA:200,8
DA:201,8
DA:210,8
DA:211,4
DA:212,4
DA:213,4
DA:215,4
LF:74
LH:72
BRDA:43,0,0,7
BRDA:43,0,1,1
BRDA:43,1,0,8
BRDA:43,1,1,7
BRDA:46,2,0,1
BRDA:46,2,1,6
BRDA:52,3,0,6
BRDA:52,3,1,0
BRDA:68,4,0,12
BRDA:68,4,1,6
BRDA:75,5,0,6
BRDA:75,5,1,12
BRDA:75,6,0,18
BRDA:75,6,1,6
BRDA:78,7,0,54
BRDA:78,7,1,6
BRDA:79,8,0,12
BRDA:79,8,1,42
BRDA:79,9,0,54
BRDA:79,9,1,48
BRDA:121,10,0,7
BRDA:121,10,1,1
BRDA:121,11,0,8
BRDA:121,11,1,8
BRDA:123,12,0,6
BRDA:123,12,1,1
BRDA:124,13,0,1
BRDA:124,13,1,6
BRDA:158,14,0,10
BRDA:158,14,1,31
BRDA:158,15,0,41
BRDA:158,15,1,15
BRDA:158,15,2,5
BRDA:158,15,3,5
BRDA:159,16,0,5
BRDA:159,16,1,5
BRDA:160,17,0,0
BRDA:160,17,1,5
BRDA:163,18,0,5
BRDA:163,18,1,26
BRDA:163,19,0,31
BRDA:163,19,1,5
BRDA:164,20,0,0
BRDA:164,20,1,5
BRDA:165,21,0,5
BRDA:165,21,1,0
BRDA:168,22,0,10
BRDA:168,22,1,16
BRDA:168,23,0,26
BRDA:168,23,1,10
BRDA:168,23,2,0
BRDA:168,23,3,0
BRDA:169,24,0,5
BRDA:169,24,1,5
BRDA:170,25,0,5
BRDA:170,25,1,0
BRDA:173,26,0,10
BRDA:173,26,1,6
BRDA:173,27,0,16
BRDA:173,27,1,10
BRDA:173,27,2,0
BRDA:173,27,3,0
BRDA:174,28,0,5
BRDA:174,28,1,5
BRDA:175,29,0,0
BRDA:175,29,1,5
BRDA:178,30,0,5
BRDA:178,30,1,1
BRDA:178,31,0,6
BRDA:178,31,1,5
BRDA:179,32,0,5
BRDA:179,32,1,0
BRDA:210,33,0,4
BRDA:210,33,1,4
BRDA:210,34,0,8
BRDA:210,34,1,6
BRF:76
BRH:65
end_of_record
TN:
SF:src\services\riotService.ts
FN:33,sendRequest
FN:59,getPUUIDBySummonerNameAndTag
FN:73,getRecentMatchesByPUUID
FN:86,getMatchDetailsByMatchID
FN:99,getMatchTimelineByMatchID
FNF:5
FNH:5
FNDA:11,sendRequest
FNDA:8,getPUUIDBySummonerNameAndTag
FNDA:1,getRecentMatchesByPUUID
FNDA:1,getMatchDetailsByMatchID
FNDA:1,getMatchTimelineByMatchID
DA:10,5
DA:11,5
DA:34,11
DA:35,11
DA:38,6
DA:40,5
DA:41,5
DA:43,6
DA:44,6
DA:45,6
DA:47,6
DA:48,6
DA:59,5
DA:60,8
DA:61,8
DA:63,8
DA:73,5
DA:74,1
DA:75,1
DA:77,1
DA:86,5
DA:87,1
DA:88,1
DA:90,1
DA:99,5
DA:100,1
DA:101,1
DA:103,1
LF:28
LH:28
BRDA:38,0,0,1
BRDA:38,0,1,5
BRDA:44,1,0,6
BRDA:44,1,1,1
BRDA:45,2,0,6
BRDA:45,2,1,1
BRDA:73,3,0,1
BRF:7
BRH:7
end_of_record
